<?xml version="1.0" encoding="UTF-8"?>
<testng-results skipped="0" failed="0" ignored="0" total="1" passed="1">
  <reporter-output>
  </reporter-output>
  <suite name="Suite" duration-ms="8579" started-at="2019-09-25T04:29:17Z" finished-at="2019-09-25T04:29:25Z">
    <groups>
    </groups>
    <test name="Test" duration-ms="8579" started-at="2019-09-25T04:29:17Z" finished-at="2019-09-25T04:29:25Z">
      <class name="MGID.MAID.LgTest">
        <test-method status="PASS" signature="f()[pri:0, instance:MGID.MAID.LgTest@55f3ddb1]" name="f" duration-ms="8543" started-at="2019-09-25T04:29:17Z" finished-at="2019-09-25T04:29:25Z">
          <reporter-output>
          </reporter-output>
        </test-method> <!-- f -->
      </class> <!-- MGID.MAID.LgTest -->
    </test> <!-- Test -->
  </suite> <!-- Suite -->
</testng-results>
